<?xml version="1.0" encoding="UTF-8"?>
<testsuite xmlns:xsi="http://www.w3.org/2001/XMLSchema-instance" xsi:noNamespaceSchemaLocation="https://maven.apache.org/surefire/maven-surefire-plugin/xsd/surefire-test-report.xsd" version="3.0.2" name="com.example.SecurityLearn.SecurityLearnApplicationTests" time="8.08" tests="1" errors="0" skipped="0" failures="0">
  <properties>
[...]
</properties>
  <testcase name="contextLoads" classname="com.example.SecurityLearn.SecurityLearnApplicationTests" time="2.02">
    <system-out><![CDATA[15:52:52.670 [main] INFO org.springframework.test.context.support.AnnotationConfigContextLoaderUtils -- Could not detect default configuration classes for test class [com.example.SecurityLearn.SecurityLearnApplicationTests]: SecurityLearnApplicationTests does not declare any static, non-private, non-final, nested classes annotated with @Configuration.
15:52:53.020 [main] INFO org.springframework.boot.test.context.SpringBootTestContextBootstrapper -- Found @SpringBootConfiguration com.example.SecurityLearn.SecurityLearnApplication for test class com.example.SecurityLearn.SecurityLearnApplicationTests
15:52:53.542 [main] INFO org.springframework.boot.devtools.restart.RestartApplicationListener -- Restart disabled due to context in which it is running

  .   ____          _            __ _ _
 /\\ / ___'_ __ _ _(_)_ __  __ _ \ \ \ \
( ( )\___ | '_ | '_| | '_ \/ _` | \ \ \ \
 \\/  ___)| |_)| | | | | || (_| |  ) ) ) )
  '  |____| .__|_| |_|_| |_\__, | / / / /
 =========|_|==============|___/=/_/_/_/

 :: Spring Boot ::                (v3.5.5)

2025-09-09T15:52:54.622+05:30  INFO 15844 --- [SecurityLearn] [           main] c.e.S.SecurityLearnApplicationTests      : Starting SecurityLearnApplicationTests using Java 24.0.1 with PID 15844 (started by ABHAY in C:\Users\ABHAY\Downloads\SpringBootProjects\SecurityLearn\SecurityLearn)
2025-09-09T15:52:54.625+05:30  INFO 15844 --- [SecurityLearn] [           main] c.e.S.SecurityLearnApplicationTests      : No active profile set, falling back to 1 default profile: "default"
2025-09-09T15:52:58.314+05:30  INFO 15844 --- [SecurityLearn] [           main] c.e.S.SecurityLearnApplicationTests      : Started SecurityLearnApplicationTests in 4.838 seconds (process running for 9.032)
]]></system-out>
    <system-err><![CDATA[Mockito is currently self-attaching to enable the inline-mock-maker. This will no longer work in future releases of the JDK. Please add Mockito as an agent to your build as described in Mockito's documentation: https://javadoc.io/doc/org.mockito/mockito-core/latest/org.mockito/org/mockito/Mockito.html#0.3
WARNING: A Java agent has been loaded dynamically (C:\Users\ABHAY\.m2\repository\net\bytebuddy\byte-buddy-agent\1.17.7\byte-buddy-agent-1.17.7.jar)
WARNING: If a serviceability tool is in use, please run with -XX:+EnableDynamicAgentLoading to hide this warning
WARNING: If a serviceability tool is not in use, please run with -Djdk.instrument.traceUsage for more information
WARNING: Dynamic loading of agents will be disallowed by default in a future release
]]></system-err>
  </testcase>
</testsuite>