<?xml version="1.0" encoding="UTF-8"?>
<testsuite xmlns:xsi="http://www.w3.org/2001/XMLSchema-instance" xsi:noNamespaceSchemaLocation="https://maven.apache.org/surefire/maven-surefire-plugin/xsd/surefire-test-report.xsd" version="3.0.2" name="com.exampleOCR.OcrPdf.OcrPdfApplicationTests" time="4.251" tests="1" errors="0" skipped="0" failures="0">
  <properties>
[...]
</properties>
  <testcase name="contextLoads" classname="com.exampleOCR.OcrPdf.OcrPdfApplicationTests" time="0.857">
    <system-out><![CDATA[Standard Commons Logging discovery in action with spring-jcl: please remove commons-logging.jar from classpath in order to avoid potential conflicts
15:26:23.295 [main] INFO org.springframework.test.context.support.AnnotationConfigContextLoaderUtils -- Could not detect default configuration classes for test class [com.exampleOCR.OcrPdf.OcrPdfApplicationTests]: OcrPdfApplicationTests does not declare any static, non-private, non-final, nested classes annotated with @Configuration.
15:26:23.611 [main] INFO org.springframework.boot.test.context.SpringBootTestContextBootstrapper -- Found @SpringBootConfiguration com.exampleOCR.OcrPdf.OcrPdfApplication for test class com.exampleOCR.OcrPdf.OcrPdfApplicationTests

  .   ____          _            __ _ _
 /\\ / ___'_ __ _ _(_)_ __  __ _ \ \ \ \
( ( )\___ | '_ | '_| | '_ \/ _` | \ \ \ \
 \\/  ___)| |_)| | | | | || (_| |  ) ) ) )
  '  |____| .__|_| |_|_| |_\__, | / / / /
 =========|_|==============|___/=/_/_/_/

 :: Spring Boot ::                (v3.5.4)

2025-08-13T15:26:24.488+05:30  INFO 14888 --- [OcrPdf] [           main] c.e.OcrPdf.OcrPdfApplicationTests        : Starting OcrPdfApplicationTests using Java 24.0.1 with PID 14888 (started by ABHAY in C:\Users\ABHAY\Downloads\OcrPdf\OcrPdf)
2025-08-13T15:26:24.491+05:30  INFO 14888 --- [OcrPdf] [           main] c.e.OcrPdf.OcrPdfApplicationTests        : No active profile set, falling back to 1 default profile: "default"
2025-08-13T15:26:26.295+05:30  INFO 14888 --- [OcrPdf] [           main] c.e.OcrPdf.OcrPdfApplicationTests        : Started OcrPdfApplicationTests in 2.322 seconds (process running for 4.653)
]]></system-out>
    <system-err><![CDATA[Mockito is currently self-attaching to enable the inline-mock-maker. This will no longer work in future releases of the JDK. Please add Mockito as an agent to your build as described in Mockito's documentation: https://javadoc.io/doc/org.mockito/mockito-core/latest/org.mockito/org/mockito/Mockito.html#0.3
WARNING: A Java agent has been loaded dynamically (C:\Users\ABHAY\.m2\repository\net\bytebuddy\byte-buddy-agent\1.17.6\byte-buddy-agent-1.17.6.jar)
WARNING: If a serviceability tool is in use, please run with -XX:+EnableDynamicAgentLoading to hide this warning
WARNING: If a serviceability tool is not in use, please run with -Djdk.instrument.traceUsage for more information
WARNING: Dynamic loading of agents will be disallowed by default in a future release
]]></system-err>
  </testcase>
</testsuite>